{
  "stats": {
    "suites": 1,
    "tests": 10,
    "passes": 10,
    "pending": 0,
    "failures": 0,
    "start": "2021-07-29T21:15:12.363Z",
    "end": "2021-07-29T21:15:29.231Z",
    "duration": 16868,
    "testsRegistered": 10,
    "passPercent": 100,
    "pendingPercent": 0,
    "other": 0,
    "hasOther": false,
    "skipped": 0,
    "hasSkipped": false
  },
  "results": [
    {
      "uuid": "66981eb6-dc70-4913-b5a9-c63b6f7889c4",
      "title": "",
      "fullFile": "cypress/integration/cadastro.spec.js",
      "file": "cypress/integration/cadastro.spec.js",
      "beforeHooks": [],
      "afterHooks": [],
      "tests": [],
      "suites": [
        {
          "uuid": "180a7ee3-ab46-4477-8379-30da4f36efee",
          "title": "Cadastro de Usuários ",
          "fullFile": "",
          "file": "",
          "beforeHooks": [],
          "afterHooks": [],
          "tests": [
            {
              "title": "Visualizar a tela de cadastro em estado inicial",
              "fullTitle": "Cadastro de Usuários  Visualizar a tela de cadastro em estado inicial",
              "timedOut": null,
              "duration": 2367,
              "state": "passed",
              "speed": "slow",
              "pass": true,
              "fail": false,
              "pending": false,
              "context": null,
              "code": "_Cadastro[\"default\"].acessarCadastro();\ncy.get('input[id*=name]').should('be.empty');\ncy.get('input[id*=email]').should('be.empty');\ncy.get('input[id*=password]').should('be.empty');\ncy.get('button[id*=register]').should('be.exist');\ncy.get('td[id*=tdUserId]').should('not.exist');",
              "err": {},
              "uuid": "a1f328b5-331d-49d0-b7b6-aae403ed05c6",
              "parentUUID": "180a7ee3-ab46-4477-8379-30da4f36efee",
              "isHook": false,
              "skipped": false
            },
            {
              "title": "Cadastro sem preenchimento do Nome",
              "fullTitle": "Cadastro de Usuários  Cadastro sem preenchimento do Nome",
              "timedOut": null,
              "duration": 1357,
              "state": "passed",
              "speed": "slow",
              "pass": true,
              "fail": false,
              "pending": false,
              "context": null,
              "code": "_Cadastro[\"default\"].acessarCadastro();\n_Cadastro[\"default\"].InformarEmailValido();\n_Cadastro[\"default\"].InformarSenhaValida();\n_Cadastro[\"default\"].Cadastrar();\ncy.get('p[class*=error]').contains('O campo Nome é obrigatório.').should('be.exist');\n_Cadastro[\"default\"].ValidarNaoExisteUsuarios();",
              "err": {},
              "uuid": "ee922709-317e-4254-9c01-93433d1413f9",
              "parentUUID": "180a7ee3-ab46-4477-8379-30da4f36efee",
              "isHook": false,
              "skipped": false
            },
            {
              "title": "Cadastro sem preenchimento do E-mail",
              "fullTitle": "Cadastro de Usuários  Cadastro sem preenchimento do E-mail",
              "timedOut": null,
              "duration": 1264,
              "state": "passed",
              "speed": "slow",
              "pass": true,
              "fail": false,
              "pending": false,
              "context": null,
              "code": "_Cadastro[\"default\"].acessarCadastro();\n_Cadastro[\"default\"].InformarNomeCompleto();\n_Cadastro[\"default\"].InformarSenhaValida();\n_Cadastro[\"default\"].Cadastrar();\ncy.get('p[class*=error]').contains('O campo E-mail é obrigatório.').should('be.exist');\n_Cadastro[\"default\"].ValidarNaoExisteUsuarios();",
              "err": {},
              "uuid": "69eb9cc2-b4b6-43d9-8fe5-dc43a5da9a42",
              "parentUUID": "180a7ee3-ab46-4477-8379-30da4f36efee",
              "isHook": false,
              "skipped": false
            },
            {
              "title": "Cadastro sem preenchimento da Senha",
              "fullTitle": "Cadastro de Usuários  Cadastro sem preenchimento da Senha",
              "timedOut": null,
              "duration": 1412,
              "state": "passed",
              "speed": "slow",
              "pass": true,
              "fail": false,
              "pending": false,
              "context": null,
              "code": "_Cadastro[\"default\"].acessarCadastro();\n_Cadastro[\"default\"].InformarNomeCompleto();\n_Cadastro[\"default\"].InformarEmailValido();\n_Cadastro[\"default\"].Cadastrar();\ncy.get('p[class*=error]').contains('O campo Senha é obrigatório.').should('be.exist');\n_Cadastro[\"default\"].ValidarNaoExisteUsuarios();",
              "err": {},
              "uuid": "0c0262de-63e7-4bf6-b9e8-34414e685464",
              "parentUUID": "180a7ee3-ab46-4477-8379-30da4f36efee",
              "isHook": false,
              "skipped": false
            },
            {
              "title": "Cadastro sem preenchimento de todos os dados",
              "fullTitle": "Cadastro de Usuários  Cadastro sem preenchimento de todos os dados",
              "timedOut": null,
              "duration": 468,
              "state": "passed",
              "speed": "slow",
              "pass": true,
              "fail": false,
              "pending": false,
              "context": null,
              "code": "_Cadastro[\"default\"].acessarCadastro();\n_Cadastro[\"default\"].Cadastrar();\ncy.get('p[class*=error]').contains('O campo Nome é obrigatório.').should('be.exist');\ncy.get('p[class*=error]').contains('O campo E-mail é obrigatório.').should('be.exist');\ncy.get('p[class*=error]').contains('O campo Senha é obrigatório.').should('be.exist');\n_Cadastro[\"default\"].ValidarNaoExisteUsuarios();",
              "err": {},
              "uuid": "4d49d5ce-7060-45bb-ba9b-fc88c8dbae7c",
              "parentUUID": "180a7ee3-ab46-4477-8379-30da4f36efee",
              "isHook": false,
              "skipped": false
            },
            {
              "title": "Validação de cadastro com nome completo",
              "fullTitle": "Cadastro de Usuários  Validação de cadastro com nome completo",
              "timedOut": null,
              "duration": 1466,
              "state": "passed",
              "speed": "slow",
              "pass": true,
              "fail": false,
              "pending": false,
              "context": null,
              "code": "_Cadastro[\"default\"].acessarCadastro();\ncy.get('input[id*=name]').type(faker.name.firstName());\n_Cadastro[\"default\"].InformarEmailValido();\n_Cadastro[\"default\"].InformarSenhaValida();\n_Cadastro[\"default\"].Cadastrar();\ncy.get('p[class*=error]').contains('Por favor, insira um nome completo.').should('be.exist');\n_Cadastro[\"default\"].ValidarNaoExisteUsuarios();",
              "err": {},
              "uuid": "820d3a68-f45e-4b2e-aaca-14352d747f63",
              "parentUUID": "180a7ee3-ab46-4477-8379-30da4f36efee",
              "isHook": false,
              "skipped": false
            },
            {
              "title": "Validação de cadastro com e-mail inválido",
              "fullTitle": "Cadastro de Usuários  Validação de cadastro com e-mail inválido",
              "timedOut": null,
              "duration": 1527,
              "state": "passed",
              "speed": "slow",
              "pass": true,
              "fail": false,
              "pending": false,
              "context": null,
              "code": "_Cadastro[\"default\"].acessarCadastro();\n_Cadastro[\"default\"].InformarNomeCompleto();\ncy.get('input[id*=email]').type('testelaila.com');\n_Cadastro[\"default\"].InformarSenhaValida();\n_Cadastro[\"default\"].Cadastrar();\ncy.get('p[class*=error]').contains('Por favor, insira um e-mail válido.').should('be.exist');\n_Cadastro[\"default\"].ValidarNaoExisteUsuarios();",
              "err": {},
              "uuid": "ff3eb779-c79c-4146-8fdd-06763347df61",
              "parentUUID": "180a7ee3-ab46-4477-8379-30da4f36efee",
              "isHook": false,
              "skipped": false
            },
            {
              "title": "Validação de senha menor que 8 caracteres",
              "fullTitle": "Cadastro de Usuários  Validação de senha menor que 8 caracteres",
              "timedOut": null,
              "duration": 1593,
              "state": "passed",
              "speed": "slow",
              "pass": true,
              "fail": false,
              "pending": false,
              "context": null,
              "code": "_Cadastro[\"default\"].acessarCadastro();\n_Cadastro[\"default\"].InformarNomeCompleto();\n_Cadastro[\"default\"].InformarEmailValido();\ncy.get('input[id*=password]').type('1234');\n_Cadastro[\"default\"].Cadastrar();\ncy.get('p[class*=error]').contains('A senha deve conter ao menos 8 caracteres.').should('be.exist');\n_Cadastro[\"default\"].ValidarNaoExisteUsuarios();",
              "err": {},
              "uuid": "ec30fc29-3c50-4bbf-993f-14e5a61338b7",
              "parentUUID": "180a7ee3-ab46-4477-8379-30da4f36efee",
              "isHook": false,
              "skipped": false
            },
            {
              "title": "Cadastro de Usuário com Sucesso",
              "fullTitle": "Cadastro de Usuários  Cadastro de Usuário com Sucesso",
              "timedOut": null,
              "duration": 4650,
              "state": "passed",
              "speed": "slow",
              "pass": true,
              "fail": false,
              "pending": false,
              "context": null,
              "code": "_Cadastro[\"default\"].acessarCadastro(); //abaixo, estou adicionando 3 cadastros de usuários\n\n_Cadastro[\"default\"].InformarTodosDadosValidos();\n_Cadastro[\"default\"].Cadastrar();\n_Cadastro[\"default\"].InformarTodosDadosValidos();\n_Cadastro[\"default\"].Cadastrar();\n_Cadastro[\"default\"].InformarTodosDadosValidos();\n_Cadastro[\"default\"].Cadastrar(); //Acredito que há uma solução melhor pra a validação de ordem crescente \n\ncy.get('td[id*=tdUserId]').contains('1').should('be.exist');\ncy.get('td[id*=tdUserId]').contains('2').should('be.exist');\ncy.get('td[id*=tdUserId]').contains('3').should('be.exist');\ncy.get('a[id*=removeUser]').should('be.exist');",
              "err": {},
              "uuid": "a322e2f8-5855-4d4e-9890-b15587bfab00",
              "parentUUID": "180a7ee3-ab46-4477-8379-30da4f36efee",
              "isHook": false,
              "skipped": false
            },
            {
              "title": "Exclusão de Usuário",
              "fullTitle": "Cadastro de Usuários  Exclusão de Usuário",
              "timedOut": null,
              "duration": 554,
              "state": "passed",
              "speed": "slow",
              "pass": true,
              "fail": false,
              "pending": false,
              "context": null,
              "code": "cy.get('[id=removeUser1]').click();\ncy.get('[id=removeUser1]').should('not.exist');\ncy.get('td[id*=tdUserId]').contains('2').should('be.exist');\ncy.get('td[id*=tdUserId]').contains('3').should('be.exist');",
              "err": {},
              "uuid": "19cae325-d070-4bf3-9dc6-99c863fc7829",
              "parentUUID": "180a7ee3-ab46-4477-8379-30da4f36efee",
              "isHook": false,
              "skipped": false
            }
          ],
          "suites": [],
          "passes": [
            "a1f328b5-331d-49d0-b7b6-aae403ed05c6",
            "ee922709-317e-4254-9c01-93433d1413f9",
            "69eb9cc2-b4b6-43d9-8fe5-dc43a5da9a42",
            "0c0262de-63e7-4bf6-b9e8-34414e685464",
            "4d49d5ce-7060-45bb-ba9b-fc88c8dbae7c",
            "820d3a68-f45e-4b2e-aaca-14352d747f63",
            "ff3eb779-c79c-4146-8fdd-06763347df61",
            "ec30fc29-3c50-4bbf-993f-14e5a61338b7",
            "a322e2f8-5855-4d4e-9890-b15587bfab00",
            "19cae325-d070-4bf3-9dc6-99c863fc7829"
          ],
          "failures": [],
          "pending": [],
          "skipped": [],
          "duration": 16658,
          "root": false,
          "rootEmpty": false,
          "_timeout": 2000
        }
      ],
      "passes": [],
      "failures": [],
      "pending": [],
      "skipped": [],
      "duration": 0,
      "root": true,
      "rootEmpty": true,
      "_timeout": 2000
    }
  ],
  "meta": {
    "mocha": {
      "version": "7.0.1"
    },
    "mochawesome": {
      "options": {
        "quiet": true,
        "reportFilename": "mochawesome",
        "saveHtml": false,
        "saveJson": true,
        "consoleReporter": "spec",
        "useInlineDiffs": false,
        "code": true
      },
      "version": "6.2.2"
    },
    "marge": {
      "options": {
        "id": "default",
        "reportDir": "mochawesome-report",
        "quiet": true,
        "overwrite": false,
        "html": false,
        "json": true
      },
      "version": "5.2.0"
    }
  }
}